app/mapping.txt
# compiler: R8
# compiler_version: 2.1.62
# min_api: 21
# pg_map_id: 9244ba6
# common_typos_disable
com.allenlucas.read.BuildConfig -> e.a.a.a:
    boolean DEBUG -> a
    7:7:void <clinit>() -> <clinit>
com.allenlucas.read.ExpandKt -> e.a.a.b:
    35:35:com.allenlucas.read.base.ui.BaseViewHolder getViewHolder(android.view.ViewGroup,kotlin.jvm.functions.Function3) -> a
    40:40:boolean isMainThread(java.lang.Thread) -> b
    62:62:void launch(androidx.lifecycle.ViewModel,kotlin.jvm.functions.Function2,kotlin.jvm.functions.Function1,kotlin.jvm.functions.Function0) -> c
    49:49:kotlinx.coroutines.CoroutineExceptionHandler kotlinx.coroutines.CoroutineExceptionHandlerKt.CoroutineExceptionHandler(kotlin.jvm.functions.Function2) -> c
    49:49:void launch(androidx.lifecycle.ViewModel,kotlin.jvm.functions.Function2,kotlin.jvm.functions.Function1,kotlin.jvm.functions.Function0):90 -> c
    52:52:kotlinx.coroutines.CoroutineExceptionHandler kotlinx.coroutines.CoroutineExceptionHandlerKt.CoroutineExceptionHandler(kotlin.jvm.functions.Function2) -> c
    52:52:void launch(androidx.lifecycle.ViewModel,kotlin.jvm.functions.Function2,kotlin.jvm.functions.Function1,kotlin.jvm.functions.Function0):93 -> c
    62:69:void launch(androidx.lifecycle.ViewModel,kotlin.jvm.functions.Function2,kotlin.jvm.functions.Function1,kotlin.jvm.functions.Function0) -> c
    59:60:void launch$default(androidx.lifecycle.ViewModel,kotlin.jvm.functions.Function2,kotlin.jvm.functions.Function1,kotlin.jvm.functions.Function0,int,java.lang.Object) -> d
    75:89:void onSingleClick(android.view.View,kotlin.jvm.functions.Function1,long) -> e
com.allenlucas.read.ExpandKt$launch$$inlined$CoroutineExceptionHandler$1 -> e.a.a.b$a:
    kotlin.jvm.functions.Function1 $onError$inlined -> e
    49:49:void kotlinx.coroutines.CoroutineExceptionHandlerKt$CoroutineExceptionHandler$1.<init>(kotlin.jvm.functions.Function2,kotlin.coroutines.CoroutineContext$Key) -> <init>
    49:49:void <init>(kotlin.coroutines.CoroutineContext$Key,kotlin.jvm.functions.Function1):49 -> <init>
    51:51:void kotlinx.coroutines.CoroutineExceptionHandlerKt$CoroutineExceptionHandler$1.handleException(kotlin.coroutines.CoroutineContext,java.lang.Throwable) -> handleException
    51:51:void handleException(kotlin.coroutines.CoroutineContext,java.lang.Throwable):51 -> handleException
    62:62:void com.allenlucas.read.ExpandKt.launch(androidx.lifecycle.ViewModel,kotlin.jvm.functions.Function2,kotlin.jvm.functions.Function1,kotlin.jvm.functions.Function0) -> handleException
    62:62:void handleException(kotlin.coroutines.CoroutineContext,java.lang.Throwable):82 -> handleException
com.allenlucas.read.ExpandKt$launch$1 -> e.a.a.c:
    com.allenlucas.read.ExpandKt$launch$1 INSTANCE -> e
    59:59:void invoke(java.lang.Throwable) -> invoke
com.allenlucas.read.ExpandKt$launch$2 -> e.a.a.d:
    com.allenlucas.read.ExpandKt$launch$2 INSTANCE -> e
    60:60:void invoke() -> invoke
com.allenlucas.read.ExpandKt$launch$4 -> e.a.a.b$b:
    kotlin.jvm.functions.Function2 $block -> h
    kotlinx.coroutines.CoroutineScope p$ -> e
    java.lang.Object L$0 -> f
    kotlin.jvm.functions.Function0 $onComplete -> i
    int label -> g
    62:68:java.lang.Object invokeSuspend(java.lang.Object) -> invokeSuspend
com.allenlucas.read.ExpandKt$onSingleClick$1 -> e.a.a.b$c:
    kotlin.jvm.functions.Function1 $onClick -> g
    long $newClickTime -> f
    android.view.View $this_onSingleClick -> e
    86:88:void onClick(android.view.View) -> onClick
com.allenlucas.read.MyApp -> com.allenlucas.read.MyApp:
    com.allenlucas.read.MyApp instance -> e
    com.allenlucas.read.MyApp$Companion Companion -> f
    7:7:void <init>() -> <init>
    7:7:com.allenlucas.read.MyApp access$getInstance$cp() -> a
    16:18:void onCreate() -> onCreate
    31:34:void onLowMemory() -> onLowMemory
    21:28:void onTrimMemory(int) -> onTrimMemory
...
com.bumptech.glide.load.model.LazyHeaders$StringHeaderFactory -> e.b.a.m.q.j$b:
    java.lang.String value -> a
    256:258:void <init>(java.lang.String) -> <init>
    262:262:java.lang.String buildHeader() -> a
    272:276:boolean equals(java.lang.Object) -> equals
    281:281:int hashCode() -> hashCode
    267:267:java.lang.String toString() -> toString
com.bumptech.glide.load.model.MediaStoreFileLoader -> e.b.a.m.q.k:
    android.content.Context context -> a
    25:27:void <init>(android.content.Context) -> <init>
    19:19:com.bumptech.glide.load.model.ModelLoader$LoadData buildLoadData(java.lang.Object,int,int,com.bumptech.glide.load.Options) -> a
    19:19:boolean handles(java.lang.Object) -> b
    32:32:com.bumptech.glide.load.model.ModelLoader$LoadData buildLoadData(android.net.Uri,int,int,com.bumptech.glide.load.Options) -> c
    37:37:boolean handles(android.net.Uri) -> d
com.bumptech.glide.load.model.MediaStoreFileLoader$Factory -> e.b.a.m.q.k$a:
    android.content.Context context -> a
    108:110:void <init>(android.content.Context) -> <init>
    115:115:com.bumptech.glide.load.model.ModelLoader build(com.bumptech.glide.load.model.MultiModelLoaderFactory) -> b
com.bumptech.glide.load.model.MediaStoreFileLoader$FilePathFetcher -> e.b.a.m.q.k$b:
    android.net.Uri uri -> f
    java.lang.String[] PROJECTION -> g
    android.content.Context context -> e
    41:41:void <clinit>() -> <clinit>
    49:52:void <init>(android.content.Context,android.net.Uri) -> <init>
    93:93:java.lang.Class getDataClass() -> a
    83:83:void cleanup() -> b
    99:99:com.bumptech.glide.load.DataSource getDataSource() -> c
    88:88:void cancel() -> cancel
    56:78:void loadData(com.bumptech.glide.Priority,com.bumptech.glide.load.data.DataFetcher$DataCallback) -> e
com.bumptech.glide.load.model.Model -> e.b.a.m.q.l:
    boolean isEquivalentTo(java.lang.Object) -> a
com.bumptech.glide.load.model.ModelCache -> e.b.a.m.q.m:
    com.bumptech.glide.util.LruCache cache -> a
    29:37:void <init>(long) -> <init>
    49:52:java.lang.Object get(java.lang.Object,int,int) -> a
    64:66:void put(java.lang.Object,int,int,java.lang.Object) -> b
com.bumptech.glide.load.model.ModelCache$1 -> e.b.a.m.q.m$a:
    31:31:void <init>(com.bumptech.glide.load.model.ModelCache,long) -> <init>
    31:31:void onItemEvicted(java.lang.Object,java.lang.Object) -> f
    34:35:void onItemEvicted(com.bumptech.glide.load.model.ModelCache$ModelKey,java.lang.Object) -> j
com.bumptech.glide.load.model.ModelCache$ModelKey -> e.b.a.m.q.m$b:
    java.util.Queue KEY_QUEUE -> d
    java.lang.Object model -> c
    int width -> b
    int height -> a
    75:75:void <clinit>() -> <clinit>
    95:95:void <init>() -> <init>
    84:92:com.bumptech.glide.load.model.ModelCache$ModelKey get(java.lang.Object,int,int) -> a
    98:101:void init(java.lang.Object,int,int) -> b
    104:107:void release() -> c
    111:116:boolean equals(java.lang.Object) -> equals
    121:124:int hashCode() -> hashCode
com.bumptech.glide.load.model.ModelLoader -> e.b.a.m.q.n:
    com.bumptech.glide.load.model.ModelLoader$LoadData buildLoadData(java.lang.Object,int,int,com.bumptech.glide.load.Options) -> a
    boolean handles(java.lang.Object) -> b
com.bumptech.glide.load.model.ModelLoader$LoadData -> e.b.a.m.q.n$a:
    java.util.List alternateKeys -> b
    com.bumptech.glide.load.Key sourceKey -> a
    com.bumptech.glide.load.data.DataFetcher fetcher -> c
    50:51:void <init>(com.bumptech.glide.load.Key,com.bumptech.glide.load.data.DataFetcher) -> <init>
    56:60:void <init>(com.bumptech.glide.load.Key,java.util.List,com.bumptech.glide.load.data.DataFetcher) -> <init>
com.bumptech.glide.load.model.ModelLoaderFactory -> e.b.a.m.q.o:
    com.bumptech.glide.load.model.ModelLoader build(com.bumptech.glide.load.model.MultiModelLoaderFactory) -> b