app/unused.txt
com.allenlucas.read.utils.AppActivityManager:
    public final void finishActivity(java.lang.Class)
    public final void clearActivity()
    public final boolean hasActivity(java.lang.Class)
    public final void exitApp()
com.allenlucas.read.R$string
com.allenlucas.read.MyApp:
    public static final synthetic void access$setInstance$cp(com.allenlucas.read.MyApp)
com.allenlucas.read.R$color
com.allenlucas.read.web.WebViewModel:
    public static final synthetic android.webkit.ValueCallback access$getUploadMessage$p(com.allenlucas.read.web.WebViewModel)
com.allenlucas.read.R$attr
com.allenlucas.read.BuildConfig:
    public void <init>()
    public static final java.lang.String APPLICATION_ID
    public static final java.lang.String BUILD_TYPE
    public static final int VERSION_CODE
    public static final java.lang.String VERSION_NAME
com.allenlucas.read.home.NewAdapter:
    private final java.lang.String getTitle(int)
com.allenlucas.read.R$dimen
com.allenlucas.read.R$animator
com.allenlucas.read.R$id
com.allenlucas.read.utils.ConfigModule:
    public void applyOptions(android.content.Context,com.bumptech.glide.GlideBuilder)
com.allenlucas.read.R$xml
com.allenlucas.read.R$drawable
com.allenlucas.read.R
com.allenlucas.read.R$bool
com.allenlucas.read.databinding.ItemNewLayoutBinding:
    public static com.allenlucas.read.databinding.ItemNewLayoutBinding inflate(android.view.LayoutInflater)
com.allenlucas.read.web.WebViewActivity:
    public static final synthetic void access$setBinding$p(com.allenlucas.read.web.WebViewActivity,com.allenlucas.read.databinding.ActivityWebviewBinding)
    public static final int FILE_CODE
com.allenlucas.read.R$interpolator
com.allenlucas.read.home.MainActivity:
    public static final synthetic void access$setBinding$p(com.allenlucas.read.home.MainActivity,com.allenlucas.read.databinding.ActivityMainBinding)
com.allenlucas.read.ExpandKt:
    public static final android.graphics.Bitmap base642Bitmap(java.lang.String)
com.allenlucas.read.R$integer
com.allenlucas.read.R$anim
com.allenlucas.read.R$layout
com.allenlucas.read.R$plurals
com.allenlucas.read.R$style
com.allenlucas.read.R$menu
com.allenlucas.read.R$styleable
com.allenlucas.read.databinding.ItemNewLayoutBinding:
    public final android.view.View vBackground
com.allenlucas.read.databinding.ActivityWelcomeBinding:
    public final android.widget.ImageView ivLogo
com.allenlucas.read.web.WebViewModel$WhenMappings
...
com.google.android.material.appbar.ViewOffsetBehavior:
    public int tempLeftRightOffset
com.google.android.material.transformation.FabTransformationBehavior$4:
    public final synthetic com.google.android.material.transformation.FabTransformationBehavior this$0
androidx.appcompat.R$drawable
kotlinx.coroutines.CoroutineStart$WhenMappings
androidx.appcompat.widget.ActionMenuView$OnMenuItemClickListener:
    public abstract boolean onMenuItemClick(android.view.MenuItem)
okhttp3.internal.connection.RealConnectionPool:
    public static final okhttp3.internal.connection.RealConnectionPool$Companion Companion
androidx.appcompat.view.menu.MenuDialogHelper:
    public androidx.appcompat.view.menu.MenuPresenter$Callback mPresenterCallback
kotlinx.coroutines.internal.LockFreeLinkedListKt:
    public static final java.lang.Object ALREADY_REMOVED
    public static final java.lang.Object LIST_EMPTY
    public static final java.lang.Object REMOVE_PREPARED
androidx.constraintlayout.solver.PriorityGoalRow:
    public androidx.constraintlayout.solver.Cache mCache
okhttp3.logging.HttpLoggingInterceptor$Logger:
    public static final okhttp3.logging.HttpLoggingInterceptor$Logger$Companion Companion
com.bumptech.glide.load.engine.bitmap_recycle.AttributeStrategy
androidx.appcompat.widget.ScrollingTabContainerView$TabClickListener
androidx.customview.widget.ViewDragHelper:
    public static androidx.customview.widget.ViewDragHelper create(android.view.ViewGroup,float,androidx.customview.widget.ViewDragHelper$Callback)
    public int mTrackingEdges
androidx.cardview.widget.RoundRectDrawableWithShadow:
    public void setAddPaddingForCorners(boolean)
    public void setAlpha(int)
    public void onBoundsChange(android.graphics.Rect)
    public boolean getPadding(android.graphics.Rect)
    public boolean onStateChange(int[])
    public boolean isStateful()
    public void setColorFilter(android.graphics.ColorFilter)
    public int getOpacity()
    public void setCornerRadius(float)
    public void draw(android.graphics.Canvas)
    public float getCornerRadius()
    public void getMaxShadowAndCornerPadding(android.graphics.Rect)
    public void setShadowSize(float)
    public void setMaxShadowSize(float)
    public float getShadowSize()
    public float getMaxShadowSize()
    public float getMinWidth()
    public float getMinHeight()
    public void setColor(android.content.res.ColorStateList)
    public android.content.res.ColorStateList getColor()
    public final void setBackground(android.content.res.ColorStateList)
    public final int toEven(float)
    public final void setShadowSize(float,float)
    public final void drawShadow(android.graphics.Canvas)
    public final void buildShadowCorners()
    public final void buildComponents(android.graphics.Rect)
    public final int mInsetShadow
    public android.graphics.Paint mPaint
    public android.graphics.Paint mCornerShadowPaint
    public android.graphics.Paint mEdgeShadowPaint
    public final android.graphics.RectF mCardBounds
    public float mCornerRadius
okhttp3.OkHttpClient$Builder:
    public final javax.net.ssl.X509TrustManager getX509TrustManagerOrNull$okhttp()
    public final okhttp3.internal.tls.CertificateChainCleaner getCertificateChainCleaner$okhttp()
    public java.net.Proxy proxy
    public java.net.ProxySelector proxySelector
    public javax.net.ssl.SSLSocketFactory sslSocketFactoryOrNull
    public javax.net.ssl.X509TrustManager x509TrustManagerOrNull
    public okhttp3.internal.tls.CertificateChainCleaner certificateChainCleaner
    public int pingInterval
    public okhttp3.internal.connection.RouteDatabase routeDatabase
androidx.appcompat.graphics.drawable.AnimatedStateListDrawableCompat:
    public static final java.lang.String LOGTAG
com.bumptech.glide.manager.ConnectivityMonitorFactory:
    public abstract com.bumptech.glide.manager.ConnectivityMonitor build(android.content.Context,com.bumptech.glide.manager.ConnectivityMonitor$ConnectivityListener)